2023-04-10 16:50:43.221 [info] Extension host with pid 123 started
2023-04-10 16:50:43.324 [info] ExtensionService#_doActivateExtension vscode.emmet, startup: false, activationEvent: 'onLanguage'
2023-04-10 16:50:43.325 [info] ExtensionService#_doActivateExtension vscode.html-language-features, startup: false, activationEvent: 'onLanguage:html'
2023-04-10 16:50:43.786 [info] Lock '/home/takahashi/.vscode-server/data/User/workspaceStorage/9fc4dc48cd09033d42decbd47b2a176d/vscode.lock': Lock acquired.
2023-04-10 16:50:44.326 [info] ExtensionService#_doActivateExtension vscode.git-base, startup: true, activationEvent: '*', root cause: vscode.git
2023-04-10 16:50:44.326 [info] ExtensionService#_doActivateExtension yandeu.five-server, startup: true, activationEvent: '*'
2023-04-10 16:50:44.713 [info] ExtensionService#_doActivateExtension vscode.git, startup: true, activationEvent: '*'
2023-04-10 16:50:44.713 [info] ExtensionService#_doActivateExtension vscode.github, startup: true, activationEvent: '*'
2023-04-10 16:50:45.247 [info] Eager extensions activated
2023-04-10 16:50:45.248 [info] ExtensionService#_doActivateExtension vscode.debug-auto-launch, startup: false, activationEvent: 'onStartupFinished'
2023-04-10 16:50:45.248 [info] ExtensionService#_doActivateExtension vscode.merge-conflict, startup: false, activationEvent: 'onStartupFinished'
2023-04-10 16:50:45.248 [info] ExtensionService#_doActivateExtension ritwickdey.LiveServer, startup: false, activationEvent: 'onStartupFinished'
2023-04-10 16:51:35.321 [error] TypeError: res.once is not a function
	at OpenBrowser.launchBrowser (/home/takahashi/.vscode-server/extensions/yandeu.five-server-0.1.12/node_modules/five-server/lib/openBrowser.js:49:17)
	at processTicksAndRejections (node:internal/process/task_queues:96:5)
	at async OpenBrowser.launchDefaultBrowser (/home/takahashi/.vscode-server/extensions/yandeu.five-server-0.1.12/node_modules/five-server/lib/openBrowser.js:20:9)
	at async OpenBrowser.launchBrowser (/home/takahashi/.vscode-server/extensions/yandeu.five-server-0.1.12/node_modules/five-server/lib/openBrowser.js:42:19)
	at async OpenBrowser.openBrowser (/home/takahashi/.vscode-server/extensions/yandeu.five-server-0.1.12/node_modules/five-server/lib/openBrowser.js:101:17)
	at async LiveServer.launchBrowser (/home/takahashi/.vscode-server/extensions/yandeu.five-server-0.1.12/node_modules/five-server/lib/index.js:540:9)
2023-04-10 17:06:49.927 [error] TypeError: res.once is not a function
	at OpenBrowser.launchBrowser (/home/takahashi/.vscode-server/extensions/yandeu.five-server-0.1.12/node_modules/five-server/lib/openBrowser.js:49:17)
	at processTicksAndRejections (node:internal/process/task_queues:96:5)
	at async OpenBrowser.launchDefaultBrowser (/home/takahashi/.vscode-server/extensions/yandeu.five-server-0.1.12/node_modules/five-server/lib/openBrowser.js:20:9)
	at async OpenBrowser.launchBrowser (/home/takahashi/.vscode-server/extensions/yandeu.five-server-0.1.12/node_modules/five-server/lib/openBrowser.js:42:19)
	at async OpenBrowser.openBrowser (/home/takahashi/.vscode-server/extensions/yandeu.five-server-0.1.12/node_modules/five-server/lib/openBrowser.js:101:17)
	at async LiveServer.launchBrowser (/home/takahashi/.vscode-server/extensions/yandeu.five-server-0.1.12/node_modules/five-server/lib/index.js:540:9)
2023-04-10 17:10:54.311 [error] TypeError: res.once is not a function
	at OpenBrowser.launchBrowser (/home/takahashi/.vscode-server/extensions/yandeu.five-server-0.1.12/node_modules/five-server/lib/openBrowser.js:49:17)
	at processTicksAndRejections (node:internal/process/task_queues:96:5)
	at async OpenBrowser.launchDefaultBrowser (/home/takahashi/.vscode-server/extensions/yandeu.five-server-0.1.12/node_modules/five-server/lib/openBrowser.js:20:9)
	at async OpenBrowser.launchBrowser (/home/takahashi/.vscode-server/extensions/yandeu.five-server-0.1.12/node_modules/five-server/lib/openBrowser.js:42:19)
	at async OpenBrowser.openBrowser (/home/takahashi/.vscode-server/extensions/yandeu.five-server-0.1.12/node_modules/five-server/lib/openBrowser.js:101:17)
	at async LiveServer.launchBrowser (/home/takahashi/.vscode-server/extensions/yandeu.five-server-0.1.12/node_modules/five-server/lib/index.js:540:9)
2023-04-10 17:15:10.876 [error] TypeError: res.once is not a function
	at OpenBrowser.launchBrowser (/home/takahashi/.vscode-server/extensions/yandeu.five-server-0.1.12/node_modules/five-server/lib/openBrowser.js:49:17)
	at processTicksAndRejections (node:internal/process/task_queues:96:5)
	at async OpenBrowser.launchDefaultBrowser (/home/takahashi/.vscode-server/extensions/yandeu.five-server-0.1.12/node_modules/five-server/lib/openBrowser.js:20:9)
	at async OpenBrowser.launchBrowser (/home/takahashi/.vscode-server/extensions/yandeu.five-server-0.1.12/node_modules/five-server/lib/openBrowser.js:42:19)
	at async OpenBrowser.openBrowser (/home/takahashi/.vscode-server/extensions/yandeu.five-server-0.1.12/node_modules/five-server/lib/openBrowser.js:101:17)
	at async LiveServer.launchBrowser (/home/takahashi/.vscode-server/extensions/yandeu.five-server-0.1.12/node_modules/five-server/lib/index.js:540:9)
2023-04-10 17:24:12.974 [error] TypeError: res.once is not a function
	at OpenBrowser.launchBrowser (/home/takahashi/.vscode-server/extensions/yandeu.five-server-0.1.12/node_modules/five-server/lib/openBrowser.js:49:17)
	at runMicrotasks (<anonymous>)
	at processTicksAndRejections (node:internal/process/task_queues:96:5)
	at async OpenBrowser.launchDefaultBrowser (/home/takahashi/.vscode-server/extensions/yandeu.five-server-0.1.12/node_modules/five-server/lib/openBrowser.js:20:9)
	at async OpenBrowser.launchBrowser (/home/takahashi/.vscode-server/extensions/yandeu.five-server-0.1.12/node_modules/five-server/lib/openBrowser.js:42:19)
	at async OpenBrowser.openBrowser (/home/takahashi/.vscode-server/extensions/yandeu.five-server-0.1.12/node_modules/five-server/lib/openBrowser.js:101:17)
	at async LiveServer.launchBrowser (/home/takahashi/.vscode-server/extensions/yandeu.five-server-0.1.12/node_modules/five-server/lib/index.js:540:9)
2023-04-10 17:24:35.119 [error] TypeError: res.once is not a function
	at OpenBrowser.launchBrowser (/home/takahashi/.vscode-server/extensions/yandeu.five-server-0.1.12/node_modules/five-server/lib/openBrowser.js:49:17)
	at runMicrotasks (<anonymous>)
	at processTicksAndRejections (node:internal/process/task_queues:96:5)
	at async OpenBrowser.launchDefaultBrowser (/home/takahashi/.vscode-server/extensions/yandeu.five-server-0.1.12/node_modules/five-server/lib/openBrowser.js:20:9)
	at async OpenBrowser.launchBrowser (/home/takahashi/.vscode-server/extensions/yandeu.five-server-0.1.12/node_modules/five-server/lib/openBrowser.js:42:19)
	at async OpenBrowser.openBrowser (/home/takahashi/.vscode-server/extensions/yandeu.five-server-0.1.12/node_modules/five-server/lib/openBrowser.js:101:17)
	at async LiveServer.launchBrowser (/home/takahashi/.vscode-server/extensions/yandeu.five-server-0.1.12/node_modules/five-server/lib/index.js:540:9)
2023-04-10 17:25:59.683 [error] TypeError: res.once is not a function
	at OpenBrowser.launchBrowser (/home/takahashi/.vscode-server/extensions/yandeu.five-server-0.1.12/node_modules/five-server/lib/openBrowser.js:49:17)
	at runMicrotasks (<anonymous>)
	at processTicksAndRejections (node:internal/process/task_queues:96:5)
	at async OpenBrowser.launchDefaultBrowser (/home/takahashi/.vscode-server/extensions/yandeu.five-server-0.1.12/node_modules/five-server/lib/openBrowser.js:20:9)
	at async OpenBrowser.launchBrowser (/home/takahashi/.vscode-server/extensions/yandeu.five-server-0.1.12/node_modules/five-server/lib/openBrowser.js:42:19)
	at async OpenBrowser.openBrowser (/home/takahashi/.vscode-server/extensions/yandeu.five-server-0.1.12/node_modules/five-server/lib/openBrowser.js:101:17)
	at async LiveServer.launchBrowser (/home/takahashi/.vscode-server/extensions/yandeu.five-server-0.1.12/node_modules/five-server/lib/index.js:540:9)
2023-04-10 17:29:49.642 [error] TypeError: res.once is not a function
	at OpenBrowser.launchBrowser (/home/takahashi/.vscode-server/extensions/yandeu.five-server-0.1.12/node_modules/five-server/lib/openBrowser.js:49:17)
	at runMicrotasks (<anonymous>)
	at processTicksAndRejections (node:internal/process/task_queues:96:5)
	at async OpenBrowser.launchDefaultBrowser (/home/takahashi/.vscode-server/extensions/yandeu.five-server-0.1.12/node_modules/five-server/lib/openBrowser.js:20:9)
	at async OpenBrowser.launchBrowser (/home/takahashi/.vscode-server/extensions/yandeu.five-server-0.1.12/node_modules/five-server/lib/openBrowser.js:42:19)
	at async OpenBrowser.openBrowser (/home/takahashi/.vscode-server/extensions/yandeu.five-server-0.1.12/node_modules/five-server/lib/openBrowser.js:101:17)
	at async LiveServer.launchBrowser (/home/takahashi/.vscode-server/extensions/yandeu.five-server-0.1.12/node_modules/five-server/lib/index.js:540:9)
2023-04-10 17:31:03.982 [info] Extension host terminating: received terminate message from renderer
2023-04-10 17:31:03.983 [info] Lock '/home/takahashi/.vscode-server/data/User/workspaceStorage/9fc4dc48cd09033d42decbd47b2a176d/vscode.lock': Marking the lockfile as scheduled to be released in 6000 ms.
2023-04-10 17:31:04.081 [info] Extension host with pid 123 exiting with code 0
