2023-04-11 23:46:30.771 [info] Extension host with pid 360 started
2023-04-11 23:46:30.887 [info] ExtensionService#_doActivateExtension vscode.emmet, startup: false, activationEvent: 'onLanguage'
2023-04-11 23:46:30.890 [info] ExtensionService#_doActivateExtension vscode.html-language-features, startup: false, activationEvent: 'onLanguage:html'
2023-04-11 23:46:31.218 [info] Lock '/home/takahashi/.vscode-server/data/User/workspaceStorage/9fc4dc48cd09033d42decbd47b2a176d/vscode.lock': Lock acquired.
2023-04-11 23:46:31.894 [info] ExtensionService#_doActivateExtension vscode.git-base, startup: true, activationEvent: '*', root cause: vscode.git
2023-04-11 23:46:31.894 [info] ExtensionService#_doActivateExtension yandeu.five-server, startup: true, activationEvent: '*'
2023-04-11 23:46:32.327 [info] ExtensionService#_doActivateExtension vscode.git, startup: true, activationEvent: '*'
2023-04-11 23:46:32.327 [info] ExtensionService#_doActivateExtension vscode.github, startup: true, activationEvent: '*'
2023-04-11 23:46:33.520 [info] Eager extensions activated
2023-04-11 23:46:33.520 [info] ExtensionService#_doActivateExtension vscode.debug-auto-launch, startup: false, activationEvent: 'onStartupFinished'
2023-04-11 23:46:33.521 [info] ExtensionService#_doActivateExtension vscode.merge-conflict, startup: false, activationEvent: 'onStartupFinished'
2023-04-11 23:46:33.522 [info] ExtensionService#_doActivateExtension ritwickdey.LiveServer, startup: false, activationEvent: 'onStartupFinished'
2023-04-11 23:49:03.739 [error] TypeError: res.once is not a function
	at OpenBrowser.launchBrowser (/home/takahashi/.vscode-server/extensions/yandeu.five-server-0.1.12/node_modules/five-server/lib/openBrowser.js:49:17)
	at processTicksAndRejections (node:internal/process/task_queues:96:5)
	at async OpenBrowser.launchDefaultBrowser (/home/takahashi/.vscode-server/extensions/yandeu.five-server-0.1.12/node_modules/five-server/lib/openBrowser.js:20:9)
	at async OpenBrowser.launchBrowser (/home/takahashi/.vscode-server/extensions/yandeu.five-server-0.1.12/node_modules/five-server/lib/openBrowser.js:42:19)
	at async OpenBrowser.openBrowser (/home/takahashi/.vscode-server/extensions/yandeu.five-server-0.1.12/node_modules/five-server/lib/openBrowser.js:101:17)
	at async LiveServer.launchBrowser (/home/takahashi/.vscode-server/extensions/yandeu.five-server-0.1.12/node_modules/five-server/lib/index.js:540:9)
2023-04-11 23:50:54.670 [error] TypeError: res.once is not a function
	at OpenBrowser.launchBrowser (/home/takahashi/.vscode-server/extensions/yandeu.five-server-0.1.12/node_modules/five-server/lib/openBrowser.js:49:17)
	at processTicksAndRejections (node:internal/process/task_queues:96:5)
	at async OpenBrowser.launchDefaultBrowser (/home/takahashi/.vscode-server/extensions/yandeu.five-server-0.1.12/node_modules/five-server/lib/openBrowser.js:20:9)
	at async OpenBrowser.launchBrowser (/home/takahashi/.vscode-server/extensions/yandeu.five-server-0.1.12/node_modules/five-server/lib/openBrowser.js:42:19)
	at async OpenBrowser.openBrowser (/home/takahashi/.vscode-server/extensions/yandeu.five-server-0.1.12/node_modules/five-server/lib/openBrowser.js:101:17)
	at async LiveServer.launchBrowser (/home/takahashi/.vscode-server/extensions/yandeu.five-server-0.1.12/node_modules/five-server/lib/index.js:540:9)
2023-04-11 23:52:13.462 [error] TypeError: res.once is not a function
	at OpenBrowser.launchBrowser (/home/takahashi/.vscode-server/extensions/yandeu.five-server-0.1.12/node_modules/five-server/lib/openBrowser.js:49:17)
	at processTicksAndRejections (node:internal/process/task_queues:96:5)
	at async OpenBrowser.launchDefaultBrowser (/home/takahashi/.vscode-server/extensions/yandeu.five-server-0.1.12/node_modules/five-server/lib/openBrowser.js:20:9)
	at async OpenBrowser.launchBrowser (/home/takahashi/.vscode-server/extensions/yandeu.five-server-0.1.12/node_modules/five-server/lib/openBrowser.js:42:19)
	at async OpenBrowser.openBrowser (/home/takahashi/.vscode-server/extensions/yandeu.five-server-0.1.12/node_modules/five-server/lib/openBrowser.js:101:17)
	at async LiveServer.launchBrowser (/home/takahashi/.vscode-server/extensions/yandeu.five-server-0.1.12/node_modules/five-server/lib/index.js:540:9)
2023-04-11 23:52:44.192 [error] TypeError: res.once is not a function
	at OpenBrowser.launchBrowser (/home/takahashi/.vscode-server/extensions/yandeu.five-server-0.1.12/node_modules/five-server/lib/openBrowser.js:49:17)
	at processTicksAndRejections (node:internal/process/task_queues:96:5)
	at async OpenBrowser.launchDefaultBrowser (/home/takahashi/.vscode-server/extensions/yandeu.five-server-0.1.12/node_modules/five-server/lib/openBrowser.js:20:9)
	at async OpenBrowser.launchBrowser (/home/takahashi/.vscode-server/extensions/yandeu.five-server-0.1.12/node_modules/five-server/lib/openBrowser.js:42:19)
	at async OpenBrowser.openBrowser (/home/takahashi/.vscode-server/extensions/yandeu.five-server-0.1.12/node_modules/five-server/lib/openBrowser.js:101:17)
	at async LiveServer.launchBrowser (/home/takahashi/.vscode-server/extensions/yandeu.five-server-0.1.12/node_modules/five-server/lib/index.js:540:9)
2023-04-11 23:55:17.289 [error] TypeError: res.once is not a function
	at OpenBrowser.launchBrowser (/home/takahashi/.vscode-server/extensions/yandeu.five-server-0.1.12/node_modules/five-server/lib/openBrowser.js:49:17)
	at runMicrotasks (<anonymous>)
	at processTicksAndRejections (node:internal/process/task_queues:96:5)
	at async OpenBrowser.launchDefaultBrowser (/home/takahashi/.vscode-server/extensions/yandeu.five-server-0.1.12/node_modules/five-server/lib/openBrowser.js:20:9)
	at async OpenBrowser.launchBrowser (/home/takahashi/.vscode-server/extensions/yandeu.five-server-0.1.12/node_modules/five-server/lib/openBrowser.js:42:19)
	at async OpenBrowser.openBrowser (/home/takahashi/.vscode-server/extensions/yandeu.five-server-0.1.12/node_modules/five-server/lib/openBrowser.js:101:17)
	at async LiveServer.launchBrowser (/home/takahashi/.vscode-server/extensions/yandeu.five-server-0.1.12/node_modules/five-server/lib/index.js:540:9)
2023-04-12 00:17:01.896 [info] Extension host terminating: received terminate message from renderer
2023-04-12 00:17:01.896 [info] Lock '/home/takahashi/.vscode-server/data/User/workspaceStorage/9fc4dc48cd09033d42decbd47b2a176d/vscode.lock': Marking the lockfile as scheduled to be released in 6000 ms.
2023-04-12 00:17:01.971 [info] Extension host with pid 360 exiting with code 0
