2023-04-13 23:31:56.412 [info] Extension host with pid 102 started
2023-04-13 23:31:56.488 [info] ExtensionService#_doActivateExtension vscode.emmet, startup: false, activationEvent: 'onLanguage'
2023-04-13 23:31:56.490 [info] ExtensionService#_doActivateExtension vscode.html-language-features, startup: false, activationEvent: 'onLanguage:html'
2023-04-13 23:31:56.892 [info] Lock '/home/takahashi/.vscode-server/data/User/workspaceStorage/9fc4dc48cd09033d42decbd47b2a176d/vscode.lock': Lock acquired.
2023-04-13 23:31:57.491 [info] ExtensionService#_doActivateExtension vscode.git-base, startup: true, activationEvent: '*', root cause: vscode.git
2023-04-13 23:31:57.492 [info] ExtensionService#_doActivateExtension yandeu.five-server, startup: true, activationEvent: '*'
2023-04-13 23:31:57.702 [info] ExtensionService#_doActivateExtension vscode.git, startup: true, activationEvent: '*'
2023-04-13 23:31:57.703 [info] ExtensionService#_doActivateExtension vscode.github, startup: true, activationEvent: '*'
2023-04-13 23:31:58.320 [info] Eager extensions activated
2023-04-13 23:31:58.320 [info] ExtensionService#_doActivateExtension vscode.debug-auto-launch, startup: false, activationEvent: 'onStartupFinished'
2023-04-13 23:31:58.321 [info] ExtensionService#_doActivateExtension vscode.merge-conflict, startup: false, activationEvent: 'onStartupFinished'
2023-04-13 23:31:58.321 [info] ExtensionService#_doActivateExtension ritwickdey.LiveServer, startup: false, activationEvent: 'onStartupFinished'
2023-04-13 23:32:12.647 [error] TypeError: res.once is not a function
	at OpenBrowser.launchBrowser (/home/takahashi/.vscode-server/extensions/yandeu.five-server-0.1.12/node_modules/five-server/lib/openBrowser.js:49:17)
	at processTicksAndRejections (node:internal/process/task_queues:96:5)
	at async OpenBrowser.launchDefaultBrowser (/home/takahashi/.vscode-server/extensions/yandeu.five-server-0.1.12/node_modules/five-server/lib/openBrowser.js:20:9)
	at async OpenBrowser.launchBrowser (/home/takahashi/.vscode-server/extensions/yandeu.five-server-0.1.12/node_modules/five-server/lib/openBrowser.js:42:19)
	at async OpenBrowser.openBrowser (/home/takahashi/.vscode-server/extensions/yandeu.five-server-0.1.12/node_modules/five-server/lib/openBrowser.js:101:17)
	at async LiveServer.launchBrowser (/home/takahashi/.vscode-server/extensions/yandeu.five-server-0.1.12/node_modules/five-server/lib/index.js:540:9)
2023-04-13 23:45:39.359 [info] ExtensionService#_doActivateExtension vscode.css-language-features, startup: false, activationEvent: 'onLanguage:css'
2023-04-13 23:48:55.773 [error] TypeError: res.once is not a function
	at OpenBrowser.launchBrowser (/home/takahashi/.vscode-server/extensions/yandeu.five-server-0.1.12/node_modules/five-server/lib/openBrowser.js:49:17)
	at runMicrotasks (<anonymous>)
	at processTicksAndRejections (node:internal/process/task_queues:96:5)
	at async OpenBrowser.launchDefaultBrowser (/home/takahashi/.vscode-server/extensions/yandeu.five-server-0.1.12/node_modules/five-server/lib/openBrowser.js:20:9)
	at async OpenBrowser.launchBrowser (/home/takahashi/.vscode-server/extensions/yandeu.five-server-0.1.12/node_modules/five-server/lib/openBrowser.js:42:19)
	at async OpenBrowser.openBrowser (/home/takahashi/.vscode-server/extensions/yandeu.five-server-0.1.12/node_modules/five-server/lib/openBrowser.js:101:17)
	at async LiveServer.launchBrowser (/home/takahashi/.vscode-server/extensions/yandeu.five-server-0.1.12/node_modules/five-server/lib/index.js:540:9)
2023-04-13 23:49:02.384 [error] TypeError: res.once is not a function
	at OpenBrowser.launchBrowser (/home/takahashi/.vscode-server/extensions/yandeu.five-server-0.1.12/node_modules/five-server/lib/openBrowser.js:49:17)
	at runMicrotasks (<anonymous>)
	at processTicksAndRejections (node:internal/process/task_queues:96:5)
	at async OpenBrowser.launchDefaultBrowser (/home/takahashi/.vscode-server/extensions/yandeu.five-server-0.1.12/node_modules/five-server/lib/openBrowser.js:20:9)
	at async OpenBrowser.launchBrowser (/home/takahashi/.vscode-server/extensions/yandeu.five-server-0.1.12/node_modules/five-server/lib/openBrowser.js:42:19)
	at async OpenBrowser.openBrowser (/home/takahashi/.vscode-server/extensions/yandeu.five-server-0.1.12/node_modules/five-server/lib/openBrowser.js:101:17)
	at async LiveServer.launchBrowser (/home/takahashi/.vscode-server/extensions/yandeu.five-server-0.1.12/node_modules/five-server/lib/index.js:540:9)
2023-04-13 23:49:57.031 [error] TypeError: res.once is not a function
	at OpenBrowser.launchBrowser (/home/takahashi/.vscode-server/extensions/yandeu.five-server-0.1.12/node_modules/five-server/lib/openBrowser.js:49:17)
	at runMicrotasks (<anonymous>)
	at processTicksAndRejections (node:internal/process/task_queues:96:5)
	at async OpenBrowser.launchDefaultBrowser (/home/takahashi/.vscode-server/extensions/yandeu.five-server-0.1.12/node_modules/five-server/lib/openBrowser.js:20:9)
	at async OpenBrowser.launchBrowser (/home/takahashi/.vscode-server/extensions/yandeu.five-server-0.1.12/node_modules/five-server/lib/openBrowser.js:42:19)
	at async OpenBrowser.openBrowser (/home/takahashi/.vscode-server/extensions/yandeu.five-server-0.1.12/node_modules/five-server/lib/openBrowser.js:101:17)
	at async LiveServer.launchBrowser (/home/takahashi/.vscode-server/extensions/yandeu.five-server-0.1.12/node_modules/five-server/lib/index.js:540:9)
2023-04-13 23:50:37.584 [info] Extension host terminating: received terminate message from renderer
2023-04-13 23:50:37.585 [info] Lock '/home/takahashi/.vscode-server/data/User/workspaceStorage/9fc4dc48cd09033d42decbd47b2a176d/vscode.lock': Marking the lockfile as scheduled to be released in 6000 ms.
2023-04-13 23:50:37.644 [info] Extension host with pid 102 exiting with code 0
