2023-04-13 21:44:55.375 [info] Extension host with pid 143 started
2023-04-13 21:44:55.427 [info] ExtensionService#_doActivateExtension vscode.emmet, startup: false, activationEvent: 'onLanguage'
2023-04-13 21:44:55.430 [info] ExtensionService#_doActivateExtension vscode.html-language-features, startup: false, activationEvent: 'onLanguage:html'
2023-04-13 21:44:55.689 [info] Lock '/home/takahashi/.vscode-server/data/User/workspaceStorage/9fc4dc48cd09033d42decbd47b2a176d/vscode.lock': Lock acquired.
2023-04-13 21:44:56.229 [info] ExtensionService#_doActivateExtension vscode.git-base, startup: true, activationEvent: '*', root cause: vscode.git
2023-04-13 21:44:56.230 [info] ExtensionService#_doActivateExtension yandeu.five-server, startup: true, activationEvent: '*'
2023-04-13 21:44:56.595 [info] ExtensionService#_doActivateExtension vscode.git, startup: true, activationEvent: '*'
2023-04-13 21:44:56.595 [info] ExtensionService#_doActivateExtension vscode.github, startup: true, activationEvent: '*'
2023-04-13 21:44:56.913 [info] Eager extensions activated
2023-04-13 21:44:56.913 [info] ExtensionService#_doActivateExtension vscode.debug-auto-launch, startup: false, activationEvent: 'onStartupFinished'
2023-04-13 21:44:56.914 [info] ExtensionService#_doActivateExtension vscode.merge-conflict, startup: false, activationEvent: 'onStartupFinished'
2023-04-13 21:44:56.914 [info] ExtensionService#_doActivateExtension ritwickdey.LiveServer, startup: false, activationEvent: 'onStartupFinished'
2023-04-13 21:45:40.239 [error] TypeError: res.once is not a function
	at OpenBrowser.launchBrowser (/home/takahashi/.vscode-server/extensions/yandeu.five-server-0.1.12/node_modules/five-server/lib/openBrowser.js:49:17)
	at processTicksAndRejections (node:internal/process/task_queues:96:5)
	at async OpenBrowser.launchDefaultBrowser (/home/takahashi/.vscode-server/extensions/yandeu.five-server-0.1.12/node_modules/five-server/lib/openBrowser.js:20:9)
	at async OpenBrowser.launchBrowser (/home/takahashi/.vscode-server/extensions/yandeu.five-server-0.1.12/node_modules/five-server/lib/openBrowser.js:42:19)
	at async OpenBrowser.openBrowser (/home/takahashi/.vscode-server/extensions/yandeu.five-server-0.1.12/node_modules/five-server/lib/openBrowser.js:101:17)
	at async LiveServer.launchBrowser (/home/takahashi/.vscode-server/extensions/yandeu.five-server-0.1.12/node_modules/five-server/lib/index.js:540:9)
2023-04-13 21:46:30.582 [error] TypeError: res.once is not a function
	at OpenBrowser.launchBrowser (/home/takahashi/.vscode-server/extensions/yandeu.five-server-0.1.12/node_modules/five-server/lib/openBrowser.js:49:17)
	at processTicksAndRejections (node:internal/process/task_queues:96:5)
	at async OpenBrowser.launchDefaultBrowser (/home/takahashi/.vscode-server/extensions/yandeu.five-server-0.1.12/node_modules/five-server/lib/openBrowser.js:20:9)
	at async OpenBrowser.launchBrowser (/home/takahashi/.vscode-server/extensions/yandeu.five-server-0.1.12/node_modules/five-server/lib/openBrowser.js:42:19)
	at async OpenBrowser.openBrowser (/home/takahashi/.vscode-server/extensions/yandeu.five-server-0.1.12/node_modules/five-server/lib/openBrowser.js:101:17)
	at async LiveServer.launchBrowser (/home/takahashi/.vscode-server/extensions/yandeu.five-server-0.1.12/node_modules/five-server/lib/index.js:540:9)
2023-04-13 21:47:08.268 [error] TypeError: res.once is not a function
	at OpenBrowser.launchBrowser (/home/takahashi/.vscode-server/extensions/yandeu.five-server-0.1.12/node_modules/five-server/lib/openBrowser.js:49:17)
	at processTicksAndRejections (node:internal/process/task_queues:96:5)
	at async OpenBrowser.launchDefaultBrowser (/home/takahashi/.vscode-server/extensions/yandeu.five-server-0.1.12/node_modules/five-server/lib/openBrowser.js:20:9)
	at async OpenBrowser.launchBrowser (/home/takahashi/.vscode-server/extensions/yandeu.five-server-0.1.12/node_modules/five-server/lib/openBrowser.js:42:19)
	at async OpenBrowser.openBrowser (/home/takahashi/.vscode-server/extensions/yandeu.five-server-0.1.12/node_modules/five-server/lib/openBrowser.js:101:17)
	at async LiveServer.launchBrowser (/home/takahashi/.vscode-server/extensions/yandeu.five-server-0.1.12/node_modules/five-server/lib/index.js:540:9)
2023-04-13 21:49:14.557 [info] ExtensionService#_doActivateExtension vscode.css-language-features, startup: false, activationEvent: 'onLanguage:css'
2023-04-13 21:49:56.725 [error] TypeError: res.once is not a function
	at OpenBrowser.launchBrowser (/home/takahashi/.vscode-server/extensions/yandeu.five-server-0.1.12/node_modules/five-server/lib/openBrowser.js:49:17)
	at processTicksAndRejections (node:internal/process/task_queues:96:5)
	at async OpenBrowser.launchDefaultBrowser (/home/takahashi/.vscode-server/extensions/yandeu.five-server-0.1.12/node_modules/five-server/lib/openBrowser.js:20:9)
	at async OpenBrowser.launchBrowser (/home/takahashi/.vscode-server/extensions/yandeu.five-server-0.1.12/node_modules/five-server/lib/openBrowser.js:42:19)
	at async OpenBrowser.openBrowser (/home/takahashi/.vscode-server/extensions/yandeu.five-server-0.1.12/node_modules/five-server/lib/openBrowser.js:101:17)
	at async LiveServer.launchBrowser (/home/takahashi/.vscode-server/extensions/yandeu.five-server-0.1.12/node_modules/five-server/lib/index.js:540:9)
2023-04-13 21:53:01.725 [error] TypeError: res.once is not a function
	at OpenBrowser.launchBrowser (/home/takahashi/.vscode-server/extensions/yandeu.five-server-0.1.12/node_modules/five-server/lib/openBrowser.js:49:17)
	at processTicksAndRejections (node:internal/process/task_queues:96:5)
	at async OpenBrowser.launchDefaultBrowser (/home/takahashi/.vscode-server/extensions/yandeu.five-server-0.1.12/node_modules/five-server/lib/openBrowser.js:20:9)
	at async OpenBrowser.launchBrowser (/home/takahashi/.vscode-server/extensions/yandeu.five-server-0.1.12/node_modules/five-server/lib/openBrowser.js:42:19)
	at async OpenBrowser.openBrowser (/home/takahashi/.vscode-server/extensions/yandeu.five-server-0.1.12/node_modules/five-server/lib/openBrowser.js:101:17)
	at async LiveServer.launchBrowser (/home/takahashi/.vscode-server/extensions/yandeu.five-server-0.1.12/node_modules/five-server/lib/index.js:540:9)
2023-04-13 22:07:17.498 [error] TypeError: res.once is not a function
	at OpenBrowser.launchBrowser (/home/takahashi/.vscode-server/extensions/yandeu.five-server-0.1.12/node_modules/five-server/lib/openBrowser.js:49:17)
	at processTicksAndRejections (node:internal/process/task_queues:96:5)
	at async OpenBrowser.launchDefaultBrowser (/home/takahashi/.vscode-server/extensions/yandeu.five-server-0.1.12/node_modules/five-server/lib/openBrowser.js:20:9)
	at async OpenBrowser.launchBrowser (/home/takahashi/.vscode-server/extensions/yandeu.five-server-0.1.12/node_modules/five-server/lib/openBrowser.js:42:19)
	at async OpenBrowser.openBrowser (/home/takahashi/.vscode-server/extensions/yandeu.five-server-0.1.12/node_modules/five-server/lib/openBrowser.js:101:17)
	at async LiveServer.launchBrowser (/home/takahashi/.vscode-server/extensions/yandeu.five-server-0.1.12/node_modules/five-server/lib/index.js:540:9)
2023-04-13 22:07:24.793 [error] TypeError: res.once is not a function
	at OpenBrowser.launchBrowser (/home/takahashi/.vscode-server/extensions/yandeu.five-server-0.1.12/node_modules/five-server/lib/openBrowser.js:49:17)
	at processTicksAndRejections (node:internal/process/task_queues:96:5)
	at async OpenBrowser.launchDefaultBrowser (/home/takahashi/.vscode-server/extensions/yandeu.five-server-0.1.12/node_modules/five-server/lib/openBrowser.js:20:9)
	at async OpenBrowser.launchBrowser (/home/takahashi/.vscode-server/extensions/yandeu.five-server-0.1.12/node_modules/five-server/lib/openBrowser.js:42:19)
	at async OpenBrowser.openBrowser (/home/takahashi/.vscode-server/extensions/yandeu.five-server-0.1.12/node_modules/five-server/lib/openBrowser.js:101:17)
	at async LiveServer.launchBrowser (/home/takahashi/.vscode-server/extensions/yandeu.five-server-0.1.12/node_modules/five-server/lib/index.js:540:9)
2023-04-13 22:08:03.966 [info] Extension host terminating: received terminate message from renderer
2023-04-13 22:08:03.967 [info] Lock '/home/takahashi/.vscode-server/data/User/workspaceStorage/9fc4dc48cd09033d42decbd47b2a176d/vscode.lock': Marking the lockfile as scheduled to be released in 6000 ms.
2023-04-13 22:08:04.024 [info] Extension host with pid 143 exiting with code 0
